$ tsc
scripts/api-server/endpoint-schema-validation.test.ts(159,49): error TS2339: Property 'error' does not exist on type '{ success: false; error: ZodError<unknown>; } | { success: true; data: { type: "notion:fetch" | "notion:fetch-all" | "notion:translate" | "notion:status-translation" | "notion:status-draft" | "notion:status-publish" | "notion:status-publish-production"; options?: { ...; }; }; }'.
  Property 'error' does not exist on type '{ success: true; data: { type: "notion:fetch" | "notion:fetch-all" | "notion:translate" | "notion:status-translation" | "notion:status-draft" | "notion:status-publish" | "notion:status-publish-production"; options?: { ...; }; }; }'.
scripts/api-server/endpoint-schema-validation.test.ts(172,49): error TS2339: Property 'error' does not exist on type '{ success: false; error: ZodError<unknown>; } | { success: true; data: { type: "notion:fetch" | "notion:fetch-all" | "notion:translate" | "notion:status-translation" | "notion:status-draft" | "notion:status-publish" | "notion:status-publish-production"; options?: { ...; }; }; }'.
  Property 'error' does not exist on type '{ success: true; data: { type: "notion:fetch" | "notion:fetch-all" | "notion:translate" | "notion:status-translation" | "notion:status-draft" | "notion:status-publish" | "notion:status-publish-production"; options?: { ...; }; }; }'.
scripts/api-server/endpoint-schema-validation.test.ts(186,49): error TS2339: Property 'error' does not exist on type '{ success: false; error: ZodError<unknown>; } | { success: true; data: { type: "notion:fetch" | "notion:fetch-all" | "notion:translate" | "notion:status-translation" | "notion:status-draft" | "notion:status-publish" | "notion:status-publish-production"; options?: { ...; }; }; }'.
  Property 'error' does not exist on type '{ success: true; data: { type: "notion:fetch" | "notion:fetch-all" | "notion:translate" | "notion:status-translation" | "notion:status-draft" | "notion:status-publish" | "notion:status-publish-production"; options?: { ...; }; }; }'.
scripts/api-server/endpoint-schema-validation.test.ts(212,49): error TS2339: Property 'error' does not exist on type '{ success: false; error: ZodError<unknown>; } | { success: true; data: { type: "notion:fetch" | "notion:fetch-all" | "notion:translate" | "notion:status-translation" | "notion:status-draft" | "notion:status-publish" | "notion:status-publish-production"; options?: { ...; }; }; }'.
  Property 'error' does not exist on type '{ success: true; data: { type: "notion:fetch" | "notion:fetch-all" | "notion:translate" | "notion:status-translation" | "notion:status-draft" | "notion:status-publish" | "notion:status-publish-production"; options?: { ...; }; }; }'.
scripts/api-server/endpoint-schema-validation.test.ts(227,49): error TS2339: Property 'error' does not exist on type '{ success: false; error: ZodError<unknown>; } | { success: true; data: { type: "notion:fetch" | "notion:fetch-all" | "notion:translate" | "notion:status-translation" | "notion:status-draft" | "notion:status-publish" | "notion:status-publish-production"; options?: { ...; }; }; }'.
  Property 'error' does not exist on type '{ success: true; data: { type: "notion:fetch" | "notion:fetch-all" | "notion:translate" | "notion:status-translation" | "notion:status-draft" | "notion:status-publish" | "notion:status-publish-production"; options?: { ...; }; }; }'.
scripts/api-server/endpoint-schema-validation.test.ts(244,49): error TS2339: Property 'error' does not exist on type '{ success: false; error: ZodError<unknown>; } | { success: true; data: { type: "notion:fetch" | "notion:fetch-all" | "notion:translate" | "notion:status-translation" | "notion:status-draft" | "notion:status-publish" | "notion:status-publish-production"; options?: { ...; }; }; }'.
  Property 'error' does not exist on type '{ success: true; data: { type: "notion:fetch" | "notion:fetch-all" | "notion:translate" | "notion:status-translation" | "notion:status-draft" | "notion:status-publish" | "notion:status-publish-production"; options?: { ...; }; }; }'.
scripts/api-server/endpoint-schema-validation.test.ts(261,49): error TS2339: Property 'error' does not exist on type '{ success: false; error: ZodError<unknown>; } | { success: true; data: { type: "notion:fetch" | "notion:fetch-all" | "notion:translate" | "notion:status-translation" | "notion:status-draft" | "notion:status-publish" | "notion:status-publish-production"; options?: { ...; }; }; }'.
  Property 'error' does not exist on type '{ success: true; data: { type: "notion:fetch" | "notion:fetch-all" | "notion:translate" | "notion:status-translation" | "notion:status-draft" | "notion:status-publish" | "notion:status-publish-production"; options?: { ...; }; }; }'.
scripts/api-server/endpoint-schema-validation.test.ts(278,49): error TS2339: Property 'error' does not exist on type '{ success: false; error: ZodError<unknown>; } | { success: true; data: { type: "notion:fetch" | "notion:fetch-all" | "notion:translate" | "notion:status-translation" | "notion:status-draft" | "notion:status-publish" | "notion:status-publish-production"; options?: { ...; }; }; }'.
  Property 'error' does not exist on type '{ success: true; data: { type: "notion:fetch" | "notion:fetch-all" | "notion:translate" | "notion:status-translation" | "notion:status-draft" | "notion:status-publish" | "notion:status-publish-production"; options?: { ...; }; }; }'.
scripts/api-server/endpoint-schema-validation.test.ts(294,49): error TS2339: Property 'error' does not exist on type '{ success: false; error: ZodError<unknown>; } | { success: true; data: { type: "notion:fetch" | "notion:fetch-all" | "notion:translate" | "notion:status-translation" | "notion:status-draft" | "notion:status-publish" | "notion:status-publish-production"; options?: { ...; }; }; }'.
  Property 'error' does not exist on type '{ success: true; data: { type: "notion:fetch" | "notion:fetch-all" | "notion:translate" | "notion:status-translation" | "notion:status-draft" | "notion:status-publish" | "notion:status-publish-production"; options?: { ...; }; }; }'.
scripts/api-server/endpoint-schema-validation.test.ts(313,51): error TS2339: Property 'error' does not exist on type '{ success: false; error: ZodError<unknown>; } | { success: true; data: { type: "notion:fetch" | "notion:fetch-all" | "notion:translate" | "notion:status-translation" | "notion:status-draft" | "notion:status-publish" | "notion:status-publish-production"; options?: { ...; }; }; }'.
  Property 'error' does not exist on type '{ success: true; data: { type: "notion:fetch" | "notion:fetch-all" | "notion:translate" | "notion:status-translation" | "notion:status-draft" | "notion:status-publish" | "notion:status-publish-production"; options?: { ...; }; }; }'.
scripts/api-server/endpoint-schema-validation.test.ts(361,49): error TS2339: Property 'error' does not exist on type '{ success: false; error: ZodError<unknown>; } | { success: true; data: { status?: "failed" | "running" | "pending" | "completed"; type?: "notion:fetch" | "notion:fetch-all" | "notion:translate" | "notion:status-translation" | "notion:status-draft" | "notion:status-publish" | "notion:status-publish-production"; }; }'.
  Property 'error' does not exist on type '{ success: true; data: { status?: "failed" | "running" | "pending" | "completed"; type?: "notion:fetch" | "notion:fetch-all" | "notion:translate" | "notion:status-translation" | "notion:status-draft" | "notion:status-publish" | "notion:status-publish-production"; }; }'.
scripts/api-server/endpoint-schema-validation.test.ts(374,49): error TS2339: Property 'error' does not exist on type '{ success: false; error: ZodError<unknown>; } | { success: true; data: { status?: "failed" | "running" | "pending" | "completed"; type?: "notion:fetch" | "notion:fetch-all" | "notion:translate" | "notion:status-translation" | "notion:status-draft" | "notion:status-publish" | "notion:status-publish-production"; }; }'.
  Property 'error' does not exist on type '{ success: true; data: { status?: "failed" | "running" | "pending" | "completed"; type?: "notion:fetch" | "notion:fetch-all" | "notion:translate" | "notion:status-translation" | "notion:status-draft" | "notion:status-publish" | "notion:status-publish-production"; }; }'.
scripts/api-server/endpoint-schema-validation.test.ts(430,49): error TS2339: Property 'error' does not exist on type '{ success: false; error: ZodError<unknown>; } | { success: true; data: string; }'.
  Property 'error' does not exist on type '{ success: true; data: string; }'.
scripts/api-server/endpoint-schema-validation.test.ts(449,51): error TS2339: Property 'error' does not exist on type '{ success: false; error: ZodError<unknown>; } | { success: true; data: string; }'.
  Property 'error' does not exist on type '{ success: true; data: string; }'.
scripts/api-server/endpoint-schema-validation.test.ts(461,49): error TS2339: Property 'error' does not exist on type '{ success: false; error: ZodError<unknown>; } | { success: true; data: string; }'.
  Property 'error' does not exist on type '{ success: true; data: string; }'.
scripts/api-server/endpoint-schema-validation.test.ts(472,49): error TS2339: Property 'error' does not exist on type '{ success: false; error: ZodError<unknown>; } | { success: true; data: string; }'.
  Property 'error' does not exist on type '{ success: true; data: string; }'.
scripts/api-server/endpoint-schema-validation.test.ts(483,49): error TS2339: Property 'error' does not exist on type '{ success: false; error: ZodError<unknown>; } | { success: true; data: string; }'.
  Property 'error' does not exist on type '{ success: true; data: string; }'.
scripts/api-server/endpoint-schema-validation.test.ts(517,47): error TS2339: Property 'error' does not exist on type '{ success: false; error: ZodError<unknown>; } | { success: true; data: "notion:fetch" | "notion:fetch-all" | "notion:translate" | "notion:status-translation" | "notion:status-draft" | "notion:status-publish" | "notion:status-publish-production"; }'.
  Property 'error' does not exist on type '{ success: true; data: "notion:fetch" | "notion:fetch-all" | "notion:translate" | "notion:status-translation" | "notion:status-draft" | "notion:status-publish" | "notion:status-publish-production"; }'.
scripts/api-server/github-status-idempotency.test.ts(8,23): error TS2307: Cannot find module 'bun' or its corresponding type declarations.
scripts/api-server/index.ts(16,23): error TS2307: Cannot find module 'bun' or its corresponding type declarations.
scripts/api-server/job-executor-core.test.ts(102,3): error TS2304: Cannot find name 'beforeEach'.
scripts/api-server/job-executor.ts(125,20): error TS2339: Property 'env' does not exist on type 'ChildProcess'.
scripts/api-server/job-persistence-queue-regression.test.ts(97,21): error TS2353: Object literal may only specify known properties, and 'cycle' does not exist in type '{ success: boolean; data?: unknown; error?: string; output?: string; }'.
scripts/api-server/job-persistence-queue-regression.test.ts(103,32): error TS2339: Property 'cycle' does not exist on type '{ success: boolean; data?: unknown; error?: string; output?: string; }'.
scripts/api-server/job-persistence-queue-regression.test.ts(223,24): error TS2304: Cannot find name 'vi'.
scripts/api-server/job-persistence-queue-regression.test.ts(247,35): error TS2339: Property 'iteration' does not exist on type 'unknown'.
scripts/api-server/job-persistence-queue-regression.test.ts(269,24): error TS2304: Cannot find name 'vi'.
scripts/api-server/job-persistence-queue-regression.test.ts(310,24): error TS2304: Cannot find name 'vi'.
scripts/api-server/job-persistence-queue-regression.test.ts(351,24): error TS2304: Cannot find name 'vi'.
scripts/api-server/job-persistence-queue-regression.test.ts(403,24): error TS2304: Cannot find name 'vi'.
scripts/api-server/job-persistence-queue-regression.test.ts(499,24): error TS2304: Cannot find name 'vi'.
scripts/api-server/job-persistence-queue-regression.test.ts(541,24): error TS2304: Cannot find name 'vi'.
scripts/api-server/job-persistence-queue-regression.test.ts(582,24): error TS2304: Cannot find name 'vi'.
scripts/api-server/job-persistence-queue-regression.test.ts(633,24): error TS2304: Cannot find name 'vi'.
scripts/api-server/job-persistence-queue-regression.test.ts(680,24): error TS2304: Cannot find name 'vi'.
scripts/api-server/validation-schemas.test.ts(417,21): error TS2339: Property 'error' does not exist on type '{ success: false; error: ZodError<unknown>; } | { success: true; data: "notion:fetch" | "notion:fetch-all" | "notion:translate" | "notion:status-translation" | "notion:status-draft" | "notion:status-publish" | "notion:status-publish-production"; }'.
  Property 'error' does not exist on type '{ success: true; data: "notion:fetch" | "notion:fetch-all" | "notion:translate" | "notion:status-translation" | "notion:status-draft" | "notion:status-publish" | "notion:status-publish-production"; }'.
scripts/api-server/validation-schemas.test.ts(418,21): error TS2339: Property 'error' does not exist on type '{ success: false; error: ZodError<unknown>; } | { success: true; data: "notion:fetch" | "notion:fetch-all" | "notion:translate" | "notion:status-translation" | "notion:status-draft" | "notion:status-publish" | "notion:status-publish-production"; }'.
  Property 'error' does not exist on type '{ success: true; data: "notion:fetch" | "notion:fetch-all" | "notion:translate" | "notion:status-translation" | "notion:status-draft" | "notion:status-publish" | "notion:status-publish-production"; }'.
scripts/api-server/vps-deployment-docs.test.ts(146,5): error TS2304: Cannot find name 'beforeAll'.
scripts/api-server/vps-deployment-docs.test.ts(192,5): error TS2304: Cannot find name 'beforeAll'.
scripts/api-server/vps-deployment-docs.test.ts(240,5): error TS2304: Cannot find name 'beforeAll'.
scripts/api-server/vps-deployment-docs.test.ts(295,5): error TS2304: Cannot find name 'beforeAll'.
scripts/api-server/vps-deployment-docs.test.ts(338,5): error TS2304: Cannot find name 'beforeAll'.
scripts/api-server/vps-deployment-docs.test.ts(374,5): error TS2304: Cannot find name 'beforeAll'.
scripts/api-server/vps-deployment-docs.test.ts(408,5): error TS2304: Cannot find name 'beforeAll'.
scripts/api-server/vps-deployment-docs.test.ts(439,5): error TS2304: Cannot find name 'beforeAll'.
scripts/api-server/vps-deployment-docs.test.ts(479,5): error TS2304: Cannot find name 'beforeAll'.
scripts/api-server/vps-deployment-docs.test.ts(500,5): error TS2304: Cannot find name 'beforeAll'.
scripts/notion-api/modules.test.ts(417,9): error TS2345: Argument of type 'Map<string, { contentScore: number; recommendedAction: "fill"; recommendedContentType: "tutorial"; }>' is not assignable to parameter of type 'Map<string, ContentAnalysis>'.
  Type '{ contentScore: number; recommendedAction: "fill"; recommendedContentType: "tutorial"; }' is missing the following properties from type 'ContentAnalysis': isEmpty, hasOnlyEmptyBlocks, blockCount, recommendedContentLength, hasRecentActivity
scripts/notion-api/modules.ts(187,13): error TS2339: Property 'transformPage' does not exist on type 'typeof import("/home/luandro/Dev/digidem/comapeo-docs/scripts/notion-fetch-all/fetchAll")'.
scripts/notion-api/modules.ts(395,7): error TS2345: Argument of type '{ id: unknown; title: any; }[]' is not assignable to parameter of type '{ id: string; title: string; }[]'.
  Type '{ id: unknown; title: any; }' is not assignable to type '{ id: string; title: string; }'.
    Types of property 'id' are incompatible.
      Type 'unknown' is not assignable to type 'string'.
scripts/verify-generated-content-policy.ts(20,19): error TS2307: Cannot find module 'bun' or its corresponding type declarations.
